<?xml version="1.0" encoding="UTF-8"?>
<!-- Generated by org.testng.reporters.JUnitXMLReporter -->
<testsuite ignored="7" hostname="hp-PC" failures="0" tests="3" name="Test2" time="0.078" errors="0" timestamp="2021-05-06T21:09:16 IST">
  <testcase classname="com.TestNg.FirstTestNGPgm" name="c" time="0.011"/>
  <testcase classname="com.TestNg.Test1" name="m" time="0.002"/>
  <testcase classname="com.TestNg.Test1" name="m2" time="0.003"/>
  <testcase classname="com.TestNg.FirstTestNGPgm" name="d" time="0.0">
    <ignored/>
  </testcase> <!-- d -->
  <testcase classname="com.TestNg.Annotation" name="testcase2" time="0.0">
    <ignored/>
  </testcase> <!-- testcase2 -->
  <testcase classname="com.TestNg.FirstTestNGPgm" name="b" time="0.0">
    <ignored/>
  </testcase> <!-- b -->
  <testcase classname="com.TestNg.Test1" name="m3" time="0.0">
    <ignored/>
  </testcase> <!-- m3 -->
  <testcase classname="com.TestNg.FirstTestNGPgm" name="a" time="0.0">
    <ignored/>
  </testcase> <!-- a -->
  <testcase classname="com.TestNg.Test1" name="m1" time="0.0">
    <ignored/>
  </testcase> <!-- m1 -->
  <testcase classname="com.TestNg.Annotation" name="testcase1" time="0.0">
    <ignored/>
  </testcase> <!-- testcase1 -->
</testsuite> <!-- Test2 -->
