<?xml version="1.0" encoding="UTF-8"?>
<!-- Generated by org.testng.reporters.JUnitXMLReporter -->
<testsuite ignored="0" hostname="hp-PC" failures="0" tests="6" name="Test1" time="0.102" errors="0" timestamp="2021-05-05T20:12:16 IST">
  <testcase classname="com.TestNg.FirstTestNGPgm" name="a" time="0.009"/>
  <testcase classname="com.TestNg.FirstTestNGPgm" name="b" time="0.002"/>
  <testcase classname="com.TestNg.FirstTestNGPgm" name="c" time="0.001"/>
  <testcase classname="com.TestNg.FirstTestNGPgm" name="d" time="0.003"/>
  <testcase classname="com.TestNg.Annotation" name="testcase1" time="0.002"/>
  <testcase classname="com.TestNg.Annotation" name="testcase2" time="0.002"/>
</testsuite> <!-- Test1 -->
