<?xml version="1.0" encoding="UTF-8"?>
<testng-results ignored="0" total="3" passed="3" failed="0" skipped="0">
  <reporter-output>
    <line>
      <![CDATA[setup start]]>
    </line>
    <line>
      <![CDATA[setup end]]>
    </line>
    <line>
      <![CDATA[navigation start]]>
    </line>
    <line>
      <![CDATA[navigation end]]>
    </line>
    <line>
      <![CDATA[submit]]>
    </line>
    <line>
      <![CDATA[close browser]]>
    </line>
  </reporter-output>
  <suite started-at="2021-05-13T22:20:42 IST" name="Default suite" finished-at="2021-05-13T22:20:54 IST" duration-ms="11711">
    <groups>
    </groups>
    <test started-at="2021-05-13T22:20:42 IST" name="Default test" finished-at="2021-05-13T22:20:54 IST" duration-ms="11711">
      <class name="pom.LoginTest">
        <test-method is-config="true" signature="initialisation()[pri:0, instance:pom.LoginTest@63021689]" started-at="2021-05-13T22:20:42 IST" name="initialisation" finished-at="2021-05-13T22:20:51 IST" duration-ms="8514" status="PASS">
          <reporter-output>
            <line>
              <![CDATA[setup start]]>
            </line>
            <line>
              <![CDATA[setup end]]>
            </line>
          </reporter-output>
        </test-method> <!-- initialisation -->
        <test-method signature="navigate()[pri:1, instance:pom.LoginTest@63021689]" started-at="2021-05-13T22:20:51 IST" name="navigate" finished-at="2021-05-13T22:20:51 IST" duration-ms="725" status="PASS">
          <reporter-output>
            <line>
              <![CDATA[navigation start]]>
            </line>
            <line>
              <![CDATA[navigation end]]>
            </line>
          </reporter-output>
        </test-method> <!-- navigate -->
        <test-method signature="login()[pri:2, instance:pom.LoginTest@63021689]" started-at="2021-05-13T22:20:51 IST" name="login" finished-at="2021-05-13T22:20:53 IST" duration-ms="1761" status="PASS">
          <reporter-output>
            <line>
              <![CDATA[submit]]>
            </line>
          </reporter-output>
        </test-method> <!-- login -->
        <test-method signature="close()[pri:3, instance:pom.LoginTest@63021689]" started-at="2021-05-13T22:20:53 IST" name="close" finished-at="2021-05-13T22:20:54 IST" duration-ms="648" status="PASS">
          <reporter-output>
            <line>
              <![CDATA[close browser]]>
            </line>
          </reporter-output>
        </test-method> <!-- close -->
      </class> <!-- pom.LoginTest -->
    </test> <!-- Default test -->
  </suite> <!-- Default suite -->
</testng-results>
